<?xml version="1.0" encoding="UTF-8"?>
<testng-results ignored="0" total="11" passed="0" failed="0" skipped="11">
  <reporter-output>
  </reporter-output>
  <suite started-at="2025-07-29T23:16:00 EDT" name="SwagLabs App Test Regression Suite" finished-at="2025-07-29T23:16:01 EDT" duration-ms="777">
    <groups>
    </groups>
    <test started-at="2025-07-29T23:16:00 EDT" name="Inventory Page Test" finished-at="2025-07-29T23:16:01 EDT" duration-ms="777">
      <class name="com.qa.swag.tests.InventoryPageTest">
        <test-method is-config="true" signature="setUp()[pri:0, instance:com.qa.swag.tests.InventoryPageTest@7d0d91a1]" started-at="2025-07-29T23:16:00 EDT" name="setUp" finished-at="2025-07-29T23:16:00 EDT" duration-ms="145" status="FAIL">
          <exception class="com.qa.swag.exception.FrameworkException">
            <message>
              <![CDATA[WRONG ENV NAME IS PASSED]]>
            </message>
            <full-stacktrace>
              <![CDATA[com.qa.swag.exception.FrameworkException: WRONG ENV NAME IS PASSED
at com.qa.swag.Factory.DriverFactory.initProp(DriverFactory.java:113)
at com.qa.swag.base.BaseTest.setUp(BaseTest.java:33)
at java.base/jdk.internal.reflect.NativeMethodAccessorImpl.invoke0(Native Method)
at java.base/jdk.internal.reflect.NativeMethodAccessorImpl.invoke(NativeMethodAccessorImpl.java:62)
at java.base/jdk.internal.reflect.DelegatingMethodAccessorImpl.invoke(DelegatingMethodAccessorImpl.java:43)
at java.base/java.lang.reflect.Method.invoke(Method.java:566)
at org.testng.internal.MethodInvocationHelper.invokeMethod(MethodInvocationHelper.java:133)
at org.testng.internal.MethodInvocationHelper.invokeMethodConsideringTimeout(MethodInvocationHelper.java:62)
at org.testng.internal.ConfigInvoker.invokeConfigurationMethod(ConfigInvoker.java:340)
at org.testng.internal.ConfigInvoker.invokeConfigurations(ConfigInvoker.java:294)
at org.testng.TestRunner.invokeTestConfigurations(TestRunner.java:623)
at org.testng.TestRunner.beforeRun(TestRunner.java:613)
at org.testng.TestRunner.run(TestRunner.java:584)
at org.testng.SuiteRunner.runTest(SuiteRunner.java:402)
at org.testng.SuiteRunner.access$000(SuiteRunner.java:41)
at org.testng.SuiteRunner$SuiteWorker.run(SuiteRunner.java:443)
at org.testng.internal.thread.ThreadUtil.lambda$execute$0(ThreadUtil.java:67)
at java.base/java.util.concurrent.FutureTask.run(FutureTask.java:264)
at java.base/java.util.concurrent.ThreadPoolExecutor.runWorker(ThreadPoolExecutor.java:1128)
at java.base/java.util.concurrent.ThreadPoolExecutor$Worker.run(ThreadPoolExecutor.java:628)
at java.base/java.lang.Thread.run(Thread.java:829)
]]>
            </full-stacktrace>
          </exception> <!-- com.qa.swag.exception.FrameworkException -->
          <reporter-output>
          </reporter-output>
        </test-method> <!-- setUp -->
        <test-method is-config="true" signature="pageSetUp()[pri:0, instance:com.qa.swag.tests.InventoryPageTest@7d0d91a1]" started-at="2025-07-29T23:16:00 EDT" name="pageSetUp" finished-at="1969-12-31T19:00:00 EST" duration-ms="-1753845360991" status="SKIP">
          <reporter-output>
          </reporter-output>
        </test-method> <!-- pageSetUp -->
        <test-method signature="getCheckifCartUpdated()[pri:0, instance:com.qa.swag.tests.InventoryPageTest@7d0d91a1]" started-at="2025-07-29T23:16:01 EDT" name="getCheckifCartUpdated" finished-at="2025-07-29T23:16:01 EDT" duration-ms="0" status="SKIP">
          <exception class="com.qa.swag.exception.FrameworkException">
            <message>
              <![CDATA[WRONG ENV NAME IS PASSED]]>
            </message>
            <full-stacktrace>
              <![CDATA[com.qa.swag.exception.FrameworkException: WRONG ENV NAME IS PASSED
at com.qa.swag.Factory.DriverFactory.initProp(DriverFactory.java:113)
at com.qa.swag.base.BaseTest.setUp(BaseTest.java:33)
at java.base/jdk.internal.reflect.NativeMethodAccessorImpl.invoke0(Native Method)
at java.base/jdk.internal.reflect.NativeMethodAccessorImpl.invoke(NativeMethodAccessorImpl.java:62)
at java.base/jdk.internal.reflect.DelegatingMethodAccessorImpl.invoke(DelegatingMethodAccessorImpl.java:43)
at java.base/java.lang.reflect.Method.invoke(Method.java:566)
at org.testng.internal.MethodInvocationHelper.invokeMethod(MethodInvocationHelper.java:133)
at org.testng.internal.MethodInvocationHelper.invokeMethodConsideringTimeout(MethodInvocationHelper.java:62)
at org.testng.internal.ConfigInvoker.invokeConfigurationMethod(ConfigInvoker.java:340)
at org.testng.internal.ConfigInvoker.invokeConfigurations(ConfigInvoker.java:294)
at org.testng.TestRunner.invokeTestConfigurations(TestRunner.java:623)
at org.testng.TestRunner.beforeRun(TestRunner.java:613)
at org.testng.TestRunner.run(TestRunner.java:584)
at org.testng.SuiteRunner.runTest(SuiteRunner.java:402)
at org.testng.SuiteRunner.access$000(SuiteRunner.java:41)
at org.testng.SuiteRunner$SuiteWorker.run(SuiteRunner.java:443)
at org.testng.internal.thread.ThreadUtil.lambda$execute$0(ThreadUtil.java:67)
at java.base/java.util.concurrent.FutureTask.run(FutureTask.java:264)
at java.base/java.util.concurrent.ThreadPoolExecutor.runWorker(ThreadPoolExecutor.java:1128)
at java.base/java.util.concurrent.ThreadPoolExecutor$Worker.run(ThreadPoolExecutor.java:628)
at java.base/java.lang.Thread.run(Thread.java:829)
]]>
            </full-stacktrace>
          </exception> <!-- com.qa.swag.exception.FrameworkException -->
          <reporter-output>
          </reporter-output>
        </test-method> <!-- getCheckifCartUpdated -->
        <test-method signature="getItemCheckinCartTest(java.lang.String)[pri:0, instance:com.qa.swag.tests.InventoryPageTest@7d0d91a1]" started-at="2025-07-29T23:16:01 EDT" name="getItemCheckinCartTest" data-provider="getData" finished-at="2025-07-29T23:16:01 EDT" duration-ms="0" status="SKIP">
          <exception class="com.qa.swag.exception.FrameworkException">
            <message>
              <![CDATA[WRONG ENV NAME IS PASSED]]>
            </message>
            <full-stacktrace>
              <![CDATA[com.qa.swag.exception.FrameworkException: WRONG ENV NAME IS PASSED
at com.qa.swag.Factory.DriverFactory.initProp(DriverFactory.java:113)
at com.qa.swag.base.BaseTest.setUp(BaseTest.java:33)
at java.base/jdk.internal.reflect.NativeMethodAccessorImpl.invoke0(Native Method)
at java.base/jdk.internal.reflect.NativeMethodAccessorImpl.invoke(NativeMethodAccessorImpl.java:62)
at java.base/jdk.internal.reflect.DelegatingMethodAccessorImpl.invoke(DelegatingMethodAccessorImpl.java:43)
at java.base/java.lang.reflect.Method.invoke(Method.java:566)
at org.testng.internal.MethodInvocationHelper.invokeMethod(MethodInvocationHelper.java:133)
at org.testng.internal.MethodInvocationHelper.invokeMethodConsideringTimeout(MethodInvocationHelper.java:62)
at org.testng.internal.ConfigInvoker.invokeConfigurationMethod(ConfigInvoker.java:340)
at org.testng.internal.ConfigInvoker.invokeConfigurations(ConfigInvoker.java:294)
at org.testng.TestRunner.invokeTestConfigurations(TestRunner.java:623)
at org.testng.TestRunner.beforeRun(TestRunner.java:613)
at org.testng.TestRunner.run(TestRunner.java:584)
at org.testng.SuiteRunner.runTest(SuiteRunner.java:402)
at org.testng.SuiteRunner.access$000(SuiteRunner.java:41)
at org.testng.SuiteRunner$SuiteWorker.run(SuiteRunner.java:443)
at org.testng.internal.thread.ThreadUtil.lambda$execute$0(ThreadUtil.java:67)
at java.base/java.util.concurrent.FutureTask.run(FutureTask.java:264)
at java.base/java.util.concurrent.ThreadPoolExecutor.runWorker(ThreadPoolExecutor.java:1128)
at java.base/java.util.concurrent.ThreadPoolExecutor$Worker.run(ThreadPoolExecutor.java:628)
at java.base/java.lang.Thread.run(Thread.java:829)
]]>
            </full-stacktrace>
          </exception> <!-- com.qa.swag.exception.FrameworkException -->
          <reporter-output>
          </reporter-output>
        </test-method> <!-- getItemCheckinCartTest -->
        <test-method signature="getItemSortTest()[pri:0, instance:com.qa.swag.tests.InventoryPageTest@7d0d91a1]" started-at="2025-07-29T23:16:01 EDT" name="getItemSortTest" finished-at="2025-07-29T23:16:01 EDT" duration-ms="0" status="SKIP">
          <exception class="com.qa.swag.exception.FrameworkException">
            <message>
              <![CDATA[WRONG ENV NAME IS PASSED]]>
            </message>
            <full-stacktrace>
              <![CDATA[com.qa.swag.exception.FrameworkException: WRONG ENV NAME IS PASSED
at com.qa.swag.Factory.DriverFactory.initProp(DriverFactory.java:113)
at com.qa.swag.base.BaseTest.setUp(BaseTest.java:33)
at java.base/jdk.internal.reflect.NativeMethodAccessorImpl.invoke0(Native Method)
at java.base/jdk.internal.reflect.NativeMethodAccessorImpl.invoke(NativeMethodAccessorImpl.java:62)
at java.base/jdk.internal.reflect.DelegatingMethodAccessorImpl.invoke(DelegatingMethodAccessorImpl.java:43)
at java.base/java.lang.reflect.Method.invoke(Method.java:566)
at org.testng.internal.MethodInvocationHelper.invokeMethod(MethodInvocationHelper.java:133)
at org.testng.internal.MethodInvocationHelper.invokeMethodConsideringTimeout(MethodInvocationHelper.java:62)
at org.testng.internal.ConfigInvoker.invokeConfigurationMethod(ConfigInvoker.java:340)
at org.testng.internal.ConfigInvoker.invokeConfigurations(ConfigInvoker.java:294)
at org.testng.TestRunner.invokeTestConfigurations(TestRunner.java:623)
at org.testng.TestRunner.beforeRun(TestRunner.java:613)
at org.testng.TestRunner.run(TestRunner.java:584)
at org.testng.SuiteRunner.runTest(SuiteRunner.java:402)
at org.testng.SuiteRunner.access$000(SuiteRunner.java:41)
at org.testng.SuiteRunner$SuiteWorker.run(SuiteRunner.java:443)
at org.testng.internal.thread.ThreadUtil.lambda$execute$0(ThreadUtil.java:67)
at java.base/java.util.concurrent.FutureTask.run(FutureTask.java:264)
at java.base/java.util.concurrent.ThreadPoolExecutor.runWorker(ThreadPoolExecutor.java:1128)
at java.base/java.util.concurrent.ThreadPoolExecutor$Worker.run(ThreadPoolExecutor.java:628)
at java.base/java.lang.Thread.run(Thread.java:829)
]]>
            </full-stacktrace>
          </exception> <!-- com.qa.swag.exception.FrameworkException -->
          <reporter-output>
          </reporter-output>
        </test-method> <!-- getItemSortTest -->
        <test-method signature="getItemTest()[pri:0, instance:com.qa.swag.tests.InventoryPageTest@7d0d91a1]" started-at="2025-07-29T23:16:01 EDT" name="getItemTest" finished-at="2025-07-29T23:16:01 EDT" duration-ms="0" status="SKIP">
          <exception class="com.qa.swag.exception.FrameworkException">
            <message>
              <![CDATA[WRONG ENV NAME IS PASSED]]>
            </message>
            <full-stacktrace>
              <![CDATA[com.qa.swag.exception.FrameworkException: WRONG ENV NAME IS PASSED
at com.qa.swag.Factory.DriverFactory.initProp(DriverFactory.java:113)
at com.qa.swag.base.BaseTest.setUp(BaseTest.java:33)
at java.base/jdk.internal.reflect.NativeMethodAccessorImpl.invoke0(Native Method)
at java.base/jdk.internal.reflect.NativeMethodAccessorImpl.invoke(NativeMethodAccessorImpl.java:62)
at java.base/jdk.internal.reflect.DelegatingMethodAccessorImpl.invoke(DelegatingMethodAccessorImpl.java:43)
at java.base/java.lang.reflect.Method.invoke(Method.java:566)
at org.testng.internal.MethodInvocationHelper.invokeMethod(MethodInvocationHelper.java:133)
at org.testng.internal.MethodInvocationHelper.invokeMethodConsideringTimeout(MethodInvocationHelper.java:62)
at org.testng.internal.ConfigInvoker.invokeConfigurationMethod(ConfigInvoker.java:340)
at org.testng.internal.ConfigInvoker.invokeConfigurations(ConfigInvoker.java:294)
at org.testng.TestRunner.invokeTestConfigurations(TestRunner.java:623)
at org.testng.TestRunner.beforeRun(TestRunner.java:613)
at org.testng.TestRunner.run(TestRunner.java:584)
at org.testng.SuiteRunner.runTest(SuiteRunner.java:402)
at org.testng.SuiteRunner.access$000(SuiteRunner.java:41)
at org.testng.SuiteRunner$SuiteWorker.run(SuiteRunner.java:443)
at org.testng.internal.thread.ThreadUtil.lambda$execute$0(ThreadUtil.java:67)
at java.base/java.util.concurrent.FutureTask.run(FutureTask.java:264)
at java.base/java.util.concurrent.ThreadPoolExecutor.runWorker(ThreadPoolExecutor.java:1128)
at java.base/java.util.concurrent.ThreadPoolExecutor$Worker.run(ThreadPoolExecutor.java:628)
at java.base/java.lang.Thread.run(Thread.java:829)
]]>
            </full-stacktrace>
          </exception> <!-- com.qa.swag.exception.FrameworkException -->
          <reporter-output>
          </reporter-output>
        </test-method> <!-- getItemTest -->
        <test-method signature="getLogoTitletest()[pri:0, instance:com.qa.swag.tests.InventoryPageTest@7d0d91a1]" started-at="2025-07-29T23:16:01 EDT" name="getLogoTitletest" finished-at="2025-07-29T23:16:01 EDT" duration-ms="0" status="SKIP">
          <exception class="com.qa.swag.exception.FrameworkException">
            <message>
              <![CDATA[WRONG ENV NAME IS PASSED]]>
            </message>
            <full-stacktrace>
              <![CDATA[com.qa.swag.exception.FrameworkException: WRONG ENV NAME IS PASSED
at com.qa.swag.Factory.DriverFactory.initProp(DriverFactory.java:113)
at com.qa.swag.base.BaseTest.setUp(BaseTest.java:33)
at java.base/jdk.internal.reflect.NativeMethodAccessorImpl.invoke0(Native Method)
at java.base/jdk.internal.reflect.NativeMethodAccessorImpl.invoke(NativeMethodAccessorImpl.java:62)
at java.base/jdk.internal.reflect.DelegatingMethodAccessorImpl.invoke(DelegatingMethodAccessorImpl.java:43)
at java.base/java.lang.reflect.Method.invoke(Method.java:566)
at org.testng.internal.MethodInvocationHelper.invokeMethod(MethodInvocationHelper.java:133)
at org.testng.internal.MethodInvocationHelper.invokeMethodConsideringTimeout(MethodInvocationHelper.java:62)
at org.testng.internal.ConfigInvoker.invokeConfigurationMethod(ConfigInvoker.java:340)
at org.testng.internal.ConfigInvoker.invokeConfigurations(ConfigInvoker.java:294)
at org.testng.TestRunner.invokeTestConfigurations(TestRunner.java:623)
at org.testng.TestRunner.beforeRun(TestRunner.java:613)
at org.testng.TestRunner.run(TestRunner.java:584)
at org.testng.SuiteRunner.runTest(SuiteRunner.java:402)
at org.testng.SuiteRunner.access$000(SuiteRunner.java:41)
at org.testng.SuiteRunner$SuiteWorker.run(SuiteRunner.java:443)
at org.testng.internal.thread.ThreadUtil.lambda$execute$0(ThreadUtil.java:67)
at java.base/java.util.concurrent.FutureTask.run(FutureTask.java:264)
at java.base/java.util.concurrent.ThreadPoolExecutor.runWorker(ThreadPoolExecutor.java:1128)
at java.base/java.util.concurrent.ThreadPoolExecutor$Worker.run(ThreadPoolExecutor.java:628)
at java.base/java.lang.Thread.run(Thread.java:829)
]]>
            </full-stacktrace>
          </exception> <!-- com.qa.swag.exception.FrameworkException -->
          <reporter-output>
          </reporter-output>
        </test-method> <!-- getLogoTitletest -->
        <test-method signature="getPageTitleTest()[pri:0, instance:com.qa.swag.tests.InventoryPageTest@7d0d91a1]" started-at="2025-07-29T23:16:01 EDT" name="getPageTitleTest" finished-at="2025-07-29T23:16:01 EDT" duration-ms="0" status="SKIP">
          <exception class="com.qa.swag.exception.FrameworkException">
            <message>
              <![CDATA[WRONG ENV NAME IS PASSED]]>
            </message>
            <full-stacktrace>
              <![CDATA[com.qa.swag.exception.FrameworkException: WRONG ENV NAME IS PASSED
at com.qa.swag.Factory.DriverFactory.initProp(DriverFactory.java:113)
at com.qa.swag.base.BaseTest.setUp(BaseTest.java:33)
at java.base/jdk.internal.reflect.NativeMethodAccessorImpl.invoke0(Native Method)
at java.base/jdk.internal.reflect.NativeMethodAccessorImpl.invoke(NativeMethodAccessorImpl.java:62)
at java.base/jdk.internal.reflect.DelegatingMethodAccessorImpl.invoke(DelegatingMethodAccessorImpl.java:43)
at java.base/java.lang.reflect.Method.invoke(Method.java:566)
at org.testng.internal.MethodInvocationHelper.invokeMethod(MethodInvocationHelper.java:133)
at org.testng.internal.MethodInvocationHelper.invokeMethodConsideringTimeout(MethodInvocationHelper.java:62)
at org.testng.internal.ConfigInvoker.invokeConfigurationMethod(ConfigInvoker.java:340)
at org.testng.internal.ConfigInvoker.invokeConfigurations(ConfigInvoker.java:294)
at org.testng.TestRunner.invokeTestConfigurations(TestRunner.java:623)
at org.testng.TestRunner.beforeRun(TestRunner.java:613)
at org.testng.TestRunner.run(TestRunner.java:584)
at org.testng.SuiteRunner.runTest(SuiteRunner.java:402)
at org.testng.SuiteRunner.access$000(SuiteRunner.java:41)
at org.testng.SuiteRunner$SuiteWorker.run(SuiteRunner.java:443)
at org.testng.internal.thread.ThreadUtil.lambda$execute$0(ThreadUtil.java:67)
at java.base/java.util.concurrent.FutureTask.run(FutureTask.java:264)
at java.base/java.util.concurrent.ThreadPoolExecutor.runWorker(ThreadPoolExecutor.java:1128)
at java.base/java.util.concurrent.ThreadPoolExecutor$Worker.run(ThreadPoolExecutor.java:628)
at java.base/java.lang.Thread.run(Thread.java:829)
]]>
            </full-stacktrace>
          </exception> <!-- com.qa.swag.exception.FrameworkException -->
          <reporter-output>
          </reporter-output>
        </test-method> <!-- getPageTitleTest -->
        <test-method signature="getPartialUrlTest()[pri:0, instance:com.qa.swag.tests.InventoryPageTest@7d0d91a1]" started-at="2025-07-29T23:16:01 EDT" name="getPartialUrlTest" finished-at="2025-07-29T23:16:01 EDT" duration-ms="0" status="SKIP">
          <exception class="com.qa.swag.exception.FrameworkException">
            <message>
              <![CDATA[WRONG ENV NAME IS PASSED]]>
            </message>
            <full-stacktrace>
              <![CDATA[com.qa.swag.exception.FrameworkException: WRONG ENV NAME IS PASSED
at com.qa.swag.Factory.DriverFactory.initProp(DriverFactory.java:113)
at com.qa.swag.base.BaseTest.setUp(BaseTest.java:33)
at java.base/jdk.internal.reflect.NativeMethodAccessorImpl.invoke0(Native Method)
at java.base/jdk.internal.reflect.NativeMethodAccessorImpl.invoke(NativeMethodAccessorImpl.java:62)
at java.base/jdk.internal.reflect.DelegatingMethodAccessorImpl.invoke(DelegatingMethodAccessorImpl.java:43)
at java.base/java.lang.reflect.Method.invoke(Method.java:566)
at org.testng.internal.MethodInvocationHelper.invokeMethod(MethodInvocationHelper.java:133)
at org.testng.internal.MethodInvocationHelper.invokeMethodConsideringTimeout(MethodInvocationHelper.java:62)
at org.testng.internal.ConfigInvoker.invokeConfigurationMethod(ConfigInvoker.java:340)
at org.testng.internal.ConfigInvoker.invokeConfigurations(ConfigInvoker.java:294)
at org.testng.TestRunner.invokeTestConfigurations(TestRunner.java:623)
at org.testng.TestRunner.beforeRun(TestRunner.java:613)
at org.testng.TestRunner.run(TestRunner.java:584)
at org.testng.SuiteRunner.runTest(SuiteRunner.java:402)
at org.testng.SuiteRunner.access$000(SuiteRunner.java:41)
at org.testng.SuiteRunner$SuiteWorker.run(SuiteRunner.java:443)
at org.testng.internal.thread.ThreadUtil.lambda$execute$0(ThreadUtil.java:67)
at java.base/java.util.concurrent.FutureTask.run(FutureTask.java:264)
at java.base/java.util.concurrent.ThreadPoolExecutor.runWorker(ThreadPoolExecutor.java:1128)
at java.base/java.util.concurrent.ThreadPoolExecutor$Worker.run(ThreadPoolExecutor.java:628)
at java.base/java.lang.Thread.run(Thread.java:829)
]]>
            </full-stacktrace>
          </exception> <!-- com.qa.swag.exception.FrameworkException -->
          <reporter-output>
          </reporter-output>
        </test-method> <!-- getPartialUrlTest -->
        <test-method signature="getToCartShoppingPage()[pri:0, instance:com.qa.swag.tests.InventoryPageTest@7d0d91a1]" started-at="2025-07-29T23:16:01 EDT" name="getToCartShoppingPage" finished-at="2025-07-29T23:16:01 EDT" duration-ms="0" status="SKIP">
          <exception class="com.qa.swag.exception.FrameworkException">
            <message>
              <![CDATA[WRONG ENV NAME IS PASSED]]>
            </message>
            <full-stacktrace>
              <![CDATA[com.qa.swag.exception.FrameworkException: WRONG ENV NAME IS PASSED
at com.qa.swag.Factory.DriverFactory.initProp(DriverFactory.java:113)
at com.qa.swag.base.BaseTest.setUp(BaseTest.java:33)
at java.base/jdk.internal.reflect.NativeMethodAccessorImpl.invoke0(Native Method)
at java.base/jdk.internal.reflect.NativeMethodAccessorImpl.invoke(NativeMethodAccessorImpl.java:62)
at java.base/jdk.internal.reflect.DelegatingMethodAccessorImpl.invoke(DelegatingMethodAccessorImpl.java:43)
at java.base/java.lang.reflect.Method.invoke(Method.java:566)
at org.testng.internal.MethodInvocationHelper.invokeMethod(MethodInvocationHelper.java:133)
at org.testng.internal.MethodInvocationHelper.invokeMethodConsideringTimeout(MethodInvocationHelper.java:62)
at org.testng.internal.ConfigInvoker.invokeConfigurationMethod(ConfigInvoker.java:340)
at org.testng.internal.ConfigInvoker.invokeConfigurations(ConfigInvoker.java:294)
at org.testng.TestRunner.invokeTestConfigurations(TestRunner.java:623)
at org.testng.TestRunner.beforeRun(TestRunner.java:613)
at org.testng.TestRunner.run(TestRunner.java:584)
at org.testng.SuiteRunner.runTest(SuiteRunner.java:402)
at org.testng.SuiteRunner.access$000(SuiteRunner.java:41)
at org.testng.SuiteRunner$SuiteWorker.run(SuiteRunner.java:443)
at org.testng.internal.thread.ThreadUtil.lambda$execute$0(ThreadUtil.java:67)
at java.base/java.util.concurrent.FutureTask.run(FutureTask.java:264)
at java.base/java.util.concurrent.ThreadPoolExecutor.runWorker(ThreadPoolExecutor.java:1128)
at java.base/java.util.concurrent.ThreadPoolExecutor$Worker.run(ThreadPoolExecutor.java:628)
at java.base/java.lang.Thread.run(Thread.java:829)
]]>
            </full-stacktrace>
          </exception> <!-- com.qa.swag.exception.FrameworkException -->
          <reporter-output>
          </reporter-output>
        </test-method> <!-- getToCartShoppingPage -->
        <test-method is-config="true" signature="tearDown()[pri:0, instance:com.qa.swag.tests.InventoryPageTest@7d0d91a1]" started-at="2025-07-29T23:16:01 EDT" name="tearDown" finished-at="1969-12-31T19:00:00 EST" duration-ms="-1753845361138" status="SKIP">
          <reporter-output>
          </reporter-output>
        </test-method> <!-- tearDown -->
      </class> <!-- com.qa.swag.tests.InventoryPageTest -->
    </test> <!-- Inventory Page Test -->
    <test started-at="2025-07-29T23:16:00 EDT" name="Login Page Test" finished-at="2025-07-29T23:16:01 EDT" duration-ms="736">
      <class name="com.qa.swag.tests.LoginPageTest">
        <test-method is-config="true" signature="setUp()[pri:0, instance:com.qa.swag.tests.LoginPageTest@a50d709]" started-at="2025-07-29T23:16:00 EDT" name="setUp" finished-at="2025-07-29T23:16:00 EDT" duration-ms="145" status="FAIL">
          <exception class="com.qa.swag.exception.FrameworkException">
            <message>
              <![CDATA[WRONG ENV NAME IS PASSED]]>
            </message>
            <full-stacktrace>
              <![CDATA[com.qa.swag.exception.FrameworkException: WRONG ENV NAME IS PASSED
at com.qa.swag.Factory.DriverFactory.initProp(DriverFactory.java:113)
at com.qa.swag.base.BaseTest.setUp(BaseTest.java:33)
at java.base/jdk.internal.reflect.NativeMethodAccessorImpl.invoke0(Native Method)
at java.base/jdk.internal.reflect.NativeMethodAccessorImpl.invoke(NativeMethodAccessorImpl.java:62)
at java.base/jdk.internal.reflect.DelegatingMethodAccessorImpl.invoke(DelegatingMethodAccessorImpl.java:43)
at java.base/java.lang.reflect.Method.invoke(Method.java:566)
at org.testng.internal.MethodInvocationHelper.invokeMethod(MethodInvocationHelper.java:133)
at org.testng.internal.MethodInvocationHelper.invokeMethodConsideringTimeout(MethodInvocationHelper.java:62)
at org.testng.internal.ConfigInvoker.invokeConfigurationMethod(ConfigInvoker.java:340)
at org.testng.internal.ConfigInvoker.invokeConfigurations(ConfigInvoker.java:294)
at org.testng.TestRunner.invokeTestConfigurations(TestRunner.java:623)
at org.testng.TestRunner.beforeRun(TestRunner.java:613)
at org.testng.TestRunner.run(TestRunner.java:584)
at org.testng.SuiteRunner.runTest(SuiteRunner.java:402)
at org.testng.SuiteRunner.access$000(SuiteRunner.java:41)
at org.testng.SuiteRunner$SuiteWorker.run(SuiteRunner.java:443)
at org.testng.internal.thread.ThreadUtil.lambda$execute$0(ThreadUtil.java:67)
at java.base/java.util.concurrent.FutureTask.run(FutureTask.java:264)
at java.base/java.util.concurrent.ThreadPoolExecutor.runWorker(ThreadPoolExecutor.java:1128)
at java.base/java.util.concurrent.ThreadPoolExecutor$Worker.run(ThreadPoolExecutor.java:628)
at java.base/java.lang.Thread.run(Thread.java:829)
]]>
            </full-stacktrace>
          </exception> <!-- com.qa.swag.exception.FrameworkException -->
          <reporter-output>
          </reporter-output>
        </test-method> <!-- setUp -->
        <test-method signature="LogoExistTest()[pri:0, instance:com.qa.swag.tests.LoginPageTest@a50d709]" started-at="2025-07-29T23:16:01 EDT" name="LogoExistTest" finished-at="2025-07-29T23:16:01 EDT" duration-ms="0" status="SKIP">
          <exception class="com.qa.swag.exception.FrameworkException">
            <message>
              <![CDATA[WRONG ENV NAME IS PASSED]]>
            </message>
            <full-stacktrace>
              <![CDATA[com.qa.swag.exception.FrameworkException: WRONG ENV NAME IS PASSED
at com.qa.swag.Factory.DriverFactory.initProp(DriverFactory.java:113)
at com.qa.swag.base.BaseTest.setUp(BaseTest.java:33)
at java.base/jdk.internal.reflect.NativeMethodAccessorImpl.invoke0(Native Method)
at java.base/jdk.internal.reflect.NativeMethodAccessorImpl.invoke(NativeMethodAccessorImpl.java:62)
at java.base/jdk.internal.reflect.DelegatingMethodAccessorImpl.invoke(DelegatingMethodAccessorImpl.java:43)
at java.base/java.lang.reflect.Method.invoke(Method.java:566)
at org.testng.internal.MethodInvocationHelper.invokeMethod(MethodInvocationHelper.java:133)
at org.testng.internal.MethodInvocationHelper.invokeMethodConsideringTimeout(MethodInvocationHelper.java:62)
at org.testng.internal.ConfigInvoker.invokeConfigurationMethod(ConfigInvoker.java:340)
at org.testng.internal.ConfigInvoker.invokeConfigurations(ConfigInvoker.java:294)
at org.testng.TestRunner.invokeTestConfigurations(TestRunner.java:623)
at org.testng.TestRunner.beforeRun(TestRunner.java:613)
at org.testng.TestRunner.run(TestRunner.java:584)
at org.testng.SuiteRunner.runTest(SuiteRunner.java:402)
at org.testng.SuiteRunner.access$000(SuiteRunner.java:41)
at org.testng.SuiteRunner$SuiteWorker.run(SuiteRunner.java:443)
at org.testng.internal.thread.ThreadUtil.lambda$execute$0(ThreadUtil.java:67)
at java.base/java.util.concurrent.FutureTask.run(FutureTask.java:264)
at java.base/java.util.concurrent.ThreadPoolExecutor.runWorker(ThreadPoolExecutor.java:1128)
at java.base/java.util.concurrent.ThreadPoolExecutor$Worker.run(ThreadPoolExecutor.java:628)
at java.base/java.lang.Thread.run(Thread.java:829)
]]>
            </full-stacktrace>
          </exception> <!-- com.qa.swag.exception.FrameworkException -->
          <reporter-output>
          </reporter-output>
        </test-method> <!-- LogoExistTest -->
        <test-method signature="doLoginTest()[pri:0, instance:com.qa.swag.tests.LoginPageTest@a50d709]" started-at="2025-07-29T23:16:01 EDT" name="doLoginTest" finished-at="2025-07-29T23:16:01 EDT" duration-ms="0" status="SKIP">
          <exception class="com.qa.swag.exception.FrameworkException">
            <message>
              <![CDATA[WRONG ENV NAME IS PASSED]]>
            </message>
            <full-stacktrace>
              <![CDATA[com.qa.swag.exception.FrameworkException: WRONG ENV NAME IS PASSED
at com.qa.swag.Factory.DriverFactory.initProp(DriverFactory.java:113)
at com.qa.swag.base.BaseTest.setUp(BaseTest.java:33)
at java.base/jdk.internal.reflect.NativeMethodAccessorImpl.invoke0(Native Method)
at java.base/jdk.internal.reflect.NativeMethodAccessorImpl.invoke(NativeMethodAccessorImpl.java:62)
at java.base/jdk.internal.reflect.DelegatingMethodAccessorImpl.invoke(DelegatingMethodAccessorImpl.java:43)
at java.base/java.lang.reflect.Method.invoke(Method.java:566)
at org.testng.internal.MethodInvocationHelper.invokeMethod(MethodInvocationHelper.java:133)
at org.testng.internal.MethodInvocationHelper.invokeMethodConsideringTimeout(MethodInvocationHelper.java:62)
at org.testng.internal.ConfigInvoker.invokeConfigurationMethod(ConfigInvoker.java:340)
at org.testng.internal.ConfigInvoker.invokeConfigurations(ConfigInvoker.java:294)
at org.testng.TestRunner.invokeTestConfigurations(TestRunner.java:623)
at org.testng.TestRunner.beforeRun(TestRunner.java:613)
at org.testng.TestRunner.run(TestRunner.java:584)
at org.testng.SuiteRunner.runTest(SuiteRunner.java:402)
at org.testng.SuiteRunner.access$000(SuiteRunner.java:41)
at org.testng.SuiteRunner$SuiteWorker.run(SuiteRunner.java:443)
at org.testng.internal.thread.ThreadUtil.lambda$execute$0(ThreadUtil.java:67)
at java.base/java.util.concurrent.FutureTask.run(FutureTask.java:264)
at java.base/java.util.concurrent.ThreadPoolExecutor.runWorker(ThreadPoolExecutor.java:1128)
at java.base/java.util.concurrent.ThreadPoolExecutor$Worker.run(ThreadPoolExecutor.java:628)
at java.base/java.lang.Thread.run(Thread.java:829)
]]>
            </full-stacktrace>
          </exception> <!-- com.qa.swag.exception.FrameworkException -->
          <reporter-output>
          </reporter-output>
        </test-method> <!-- doLoginTest -->
        <test-method signature="pageTitleTest()[pri:0, instance:com.qa.swag.tests.LoginPageTest@a50d709]" started-at="2025-07-29T23:16:01 EDT" name="pageTitleTest" finished-at="2025-07-29T23:16:01 EDT" duration-ms="0" status="SKIP">
          <exception class="com.qa.swag.exception.FrameworkException">
            <message>
              <![CDATA[WRONG ENV NAME IS PASSED]]>
            </message>
            <full-stacktrace>
              <![CDATA[com.qa.swag.exception.FrameworkException: WRONG ENV NAME IS PASSED
at com.qa.swag.Factory.DriverFactory.initProp(DriverFactory.java:113)
at com.qa.swag.base.BaseTest.setUp(BaseTest.java:33)
at java.base/jdk.internal.reflect.NativeMethodAccessorImpl.invoke0(Native Method)
at java.base/jdk.internal.reflect.NativeMethodAccessorImpl.invoke(NativeMethodAccessorImpl.java:62)
at java.base/jdk.internal.reflect.DelegatingMethodAccessorImpl.invoke(DelegatingMethodAccessorImpl.java:43)
at java.base/java.lang.reflect.Method.invoke(Method.java:566)
at org.testng.internal.MethodInvocationHelper.invokeMethod(MethodInvocationHelper.java:133)
at org.testng.internal.MethodInvocationHelper.invokeMethodConsideringTimeout(MethodInvocationHelper.java:62)
at org.testng.internal.ConfigInvoker.invokeConfigurationMethod(ConfigInvoker.java:340)
at org.testng.internal.ConfigInvoker.invokeConfigurations(ConfigInvoker.java:294)
at org.testng.TestRunner.invokeTestConfigurations(TestRunner.java:623)
at org.testng.TestRunner.beforeRun(TestRunner.java:613)
at org.testng.TestRunner.run(TestRunner.java:584)
at org.testng.SuiteRunner.runTest(SuiteRunner.java:402)
at org.testng.SuiteRunner.access$000(SuiteRunner.java:41)
at org.testng.SuiteRunner$SuiteWorker.run(SuiteRunner.java:443)
at org.testng.internal.thread.ThreadUtil.lambda$execute$0(ThreadUtil.java:67)
at java.base/java.util.concurrent.FutureTask.run(FutureTask.java:264)
at java.base/java.util.concurrent.ThreadPoolExecutor.runWorker(ThreadPoolExecutor.java:1128)
at java.base/java.util.concurrent.ThreadPoolExecutor$Worker.run(ThreadPoolExecutor.java:628)
at java.base/java.lang.Thread.run(Thread.java:829)
]]>
            </full-stacktrace>
          </exception> <!-- com.qa.swag.exception.FrameworkException -->
          <reporter-output>
          </reporter-output>
        </test-method> <!-- pageTitleTest -->
        <test-method is-config="true" signature="tearDown()[pri:0, instance:com.qa.swag.tests.LoginPageTest@a50d709]" started-at="2025-07-29T23:16:01 EDT" name="tearDown" finished-at="1969-12-31T19:00:00 EST" duration-ms="-1753845361097" status="SKIP">
          <reporter-output>
          </reporter-output>
        </test-method> <!-- tearDown -->
      </class> <!-- com.qa.swag.tests.LoginPageTest -->
    </test> <!-- Login Page Test -->
  </suite> <!-- SwagLabs App Test Regression Suite -->
</testng-results>
