<?xml version="1.0" encoding="UTF-8"?>
<!-- Generated by org.testng.reporters.JUnitReportReporter -->
<testsuite hostname="LNAR-5CG2220YMG" failures="0" tests="9" name="com.qa.swag.tests.InventoryPageTest" time="0.145" errors="1" timestamp="2025-07-29T23:16:01 EDT" skipped="8">
  <testcase classname="com.qa.swag.tests.InventoryPageTest" name="getItemSortTest" time="0.000">
    <skipped/>
  </testcase> <!-- getItemSortTest -->
  <testcase classname="com.qa.swag.tests.InventoryPageTest" name="getPartialUrlTest" time="0.000">
    <skipped/>
  </testcase> <!-- getPartialUrlTest -->
  <testcase classname="com.qa.swag.tests.InventoryPageTest" name="getPageTitleTest" time="0.000">
    <skipped/>
  </testcase> <!-- getPageTitleTest -->
  <testcase classname="com.qa.swag.tests.InventoryPageTest" name="setUp" time="0.145">
    <error message="WRONG ENV NAME IS PASSED" type="com.qa.swag.exception.FrameworkException">
      <![CDATA[com.qa.swag.exception.FrameworkException: WRONG ENV NAME IS PASSED
at com.qa.swag.Factory.DriverFactory.initProp(DriverFactory.java:113)
at com.qa.swag.base.BaseTest.setUp(BaseTest.java:33)
at java.base/jdk.internal.reflect.NativeMethodAccessorImpl.invoke0(Native Method)
at java.base/jdk.internal.reflect.NativeMethodAccessorImpl.invoke(NativeMethodAccessorImpl.java:62)
at java.base/jdk.internal.reflect.DelegatingMethodAccessorImpl.invoke(DelegatingMethodAccessorImpl.java:43)
at java.base/java.lang.reflect.Method.invoke(Method.java:566)
at org.testng.internal.MethodInvocationHelper.invokeMethod(MethodInvocationHelper.java:133)
at org.testng.internal.MethodInvocationHelper.invokeMethodConsideringTimeout(MethodInvocationHelper.java:62)
at org.testng.internal.ConfigInvoker.invokeConfigurationMethod(ConfigInvoker.java:340)
at org.testng.internal.ConfigInvoker.invokeConfigurations(ConfigInvoker.java:294)
at org.testng.TestRunner.invokeTestConfigurations(TestRunner.java:623)
at org.testng.TestRunner.beforeRun(TestRunner.java:613)
at org.testng.TestRunner.run(TestRunner.java:584)
at org.testng.SuiteRunner.runTest(SuiteRunner.java:402)
at org.testng.SuiteRunner.access$000(SuiteRunner.java:41)
at org.testng.SuiteRunner$SuiteWorker.run(SuiteRunner.java:443)
at org.testng.internal.thread.ThreadUtil.lambda$execute$0(ThreadUtil.java:67)
at java.base/java.util.concurrent.FutureTask.run(FutureTask.java:264)
at java.base/java.util.concurrent.ThreadPoolExecutor.runWorker(ThreadPoolExecutor.java:1128)
at java.base/java.util.concurrent.ThreadPoolExecutor$Worker.run(ThreadPoolExecutor.java:628)
at java.base/java.lang.Thread.run(Thread.java:829)
]]>
    </error>
  </testcase> <!-- setUp -->
  <testcase classname="com.qa.swag.tests.InventoryPageTest" name="getItemCheckinCartTest" time="0.000">
    <skipped/>
  </testcase> <!-- getItemCheckinCartTest -->
  <testcase classname="com.qa.swag.tests.InventoryPageTest" name="getCheckifCartUpdated" time="0.000">
    <skipped/>
  </testcase> <!-- getCheckifCartUpdated -->
  <testcase classname="com.qa.swag.tests.InventoryPageTest" name="getToCartShoppingPage" time="0.000">
    <skipped/>
  </testcase> <!-- getToCartShoppingPage -->
  <testcase classname="com.qa.swag.tests.InventoryPageTest" name="getItemTest" time="0.000">
    <skipped/>
  </testcase> <!-- getItemTest -->
  <testcase classname="com.qa.swag.tests.InventoryPageTest" name="getLogoTitletest" time="0.000">
    <skipped/>
  </testcase> <!-- getLogoTitletest -->
</testsuite> <!-- com.qa.swag.tests.InventoryPageTest -->
